Build started 11/26/2012 2:14:27 PM.
Project "C:\Users\alex\Downloads\carworld-0.245.1\msdev\carworld.vcxproj" on node 2 (Build target(s)).
ClCompile:
  C:\Program Files (x86)\Microsoft Visual Studio 11.0\VC\bin\CL.exe /c /ZI /nologo /W3 /WX- /Od /Oy- /D _DEBUG /D WIN32 /D USE_WIN_SOCKETS /D _VC80_UPGRADE=0x0600 /Gm /EHsc /RTC1 /MDd /GS /fp:precise /Zc:wchar_t /Zc:forScope /GR /Fo"../Debug\\" /Fd"../Debug\vc90.pdb" /FR"../Debug\\" /Gd /TP /analyze- /errorReport:prompt ..\src\CarWorldClient.cpp
  CarWorldClient.cpp
Link:
  C:\Program Files (x86)\Microsoft Visual Studio 11.0\VC\bin\link.exe /ERRORREPORT:PROMPT /OUT:"../Debug/carworld.exe" /INCREMENTAL:NO /NOLOGO opengl32.lib glu32.lib ws2_32.lib SDL_image.lib SDL.lib SDLmain.lib kernel32.lib user32.lib gdi32.lib winspool.lib comdlg32.lib advapi32.lib shell32.lib ole32.lib oleaut32.lib uuid.lib odbc32.lib odbccp32.lib /MANIFEST /MANIFESTUAC:"level='asInvoker' uiAccess='false'" /manifest:embed /DEBUG /PDB:"../Debug\carworld.pdb" /SUBSYSTEM:WINDOWS /TLBID:1 /DYNAMICBASE:NO /IMPLIB:"../Debug\carworld.lib" /MACHINE:X86 /SAFESEH ../Debug\DXJoystick.obj
  ../Debug\H_PosixSocket.obj
  ../Debug\H_WinSocket.obj
  ../Debug\SDLJoystick.obj
  ../Debug\SDLMain.obj
  ../Debug\H_Geometry.obj
  ../Debug\H_Graphics.obj
  ../Debug\H_Input.obj
  ../Debug\H_Keys.obj
  ../Debug\H_Object.obj
  ../Debug\H_Prompt.obj
  ../Debug\H_Standard.obj
  ../Debug\H_Texture.obj
  ../Debug\H_Variable.obj
  ../Debug\H_XML.obj
  ../Debug\CarWorld.obj
  ../Debug\CarWorldClasses.obj
  ../Debug\CarWorldClient.obj
  ../Debug\CarWorldMain.obj
  ../Debug\CarWorldNet.obj
  ../Debug\CWCamera.obj
  ../Debug\CWVehicle.obj
  ../Debug\Tacho.obj
  ../Debug\WorldBlock.obj
  ../Debug\ArduinoComm.obj
DXJoystick.obj : warning LNK4075: ignoring '/EDITANDCONTINUE' due to '/OPT:LBR' specification
MSVCRTD.lib(cinitexe.obj) : warning LNK4098: defaultlib 'msvcrt.lib' conflicts with use of other libs; use /NODEFAULTLIB:library
  carworld.vcxproj -> C:\Users\alex\Downloads\carworld-0.245.1\msdev\../Debug\carworld.exe
Done Building Project "C:\Users\alex\Downloads\carworld-0.245.1\msdev\carworld.vcxproj" (Build target(s)).

Build succeeded.

Time Elapsed 00:00:09.54
