../Debug\carworld.bsc
../Debug\carworld.pdb
C:\USERS\ALEX\DOWNLOADS\CARWORLD-0.245.1\CARWORLD.EXE
C:\Users\Alex\Downloads\carworld-0.245.1\Debug\BscMake.command.1.tlog
C:\Users\Alex\Downloads\carworld-0.245.1\Debug\bscmake.read.1.tlog
C:\Users\Alex\Downloads\carworld-0.245.1\Debug\bscmake.write.1.tlog
C:\USERS\ALEX\DOWNLOADS\CARWORLD-0.245.1\DEBUG\CARWORLD.BSC
C:\USERS\ALEX\DOWNLOADS\CARWORLD-0.245.1\DEBUG\CARWORLD.EXE
C:\USERS\ALEX\DOWNLOADS\CARWORLD-0.245.1\DEBUG\CARWORLD.EXE.INTERMEDIATE.MANIFEST
C:\USERS\ALEX\DOWNLOADS\CARWORLD-0.245.1\DEBUG\CARWORLD.OBJ
C:\USERS\ALEX\DOWNLOADS\CARWORLD-0.245.1\DEBUG\CARWORLD.PDB
C:\USERS\ALEX\DOWNLOADS\CARWORLD-0.245.1\DEBUG\CARWORLD.SBR
C:\USERS\ALEX\DOWNLOADS\CARWORLD-0.245.1\DEBUG\CARWORLDCLASSES.OBJ
C:\USERS\ALEX\DOWNLOADS\CARWORLD-0.245.1\DEBUG\CARWORLDCLASSES.SBR
C:\USERS\ALEX\DOWNLOADS\CARWORLD-0.245.1\DEBUG\CARWORLDCLIENT.OBJ
C:\USERS\ALEX\DOWNLOADS\CARWORLD-0.245.1\DEBUG\CARWORLDCLIENT.SBR
C:\USERS\ALEX\DOWNLOADS\CARWORLD-0.245.1\DEBUG\CARWORLDMAIN.OBJ
C:\USERS\ALEX\DOWNLOADS\CARWORLD-0.245.1\DEBUG\CARWORLDMAIN.SBR
C:\USERS\ALEX\DOWNLOADS\CARWORLD-0.245.1\DEBUG\CARWORLDNET.OBJ
C:\USERS\ALEX\DOWNLOADS\CARWORLD-0.245.1\DEBUG\CARWORLDNET.SBR
C:\Users\Alex\Downloads\carworld-0.245.1\Debug\cl.command.1.tlog
C:\Users\Alex\Downloads\carworld-0.245.1\Debug\CL.read.1.tlog
C:\Users\Alex\Downloads\carworld-0.245.1\Debug\CL.write.1.tlog
C:\USERS\ALEX\DOWNLOADS\CARWORLD-0.245.1\DEBUG\CWCAMERA.OBJ
C:\USERS\ALEX\DOWNLOADS\CARWORLD-0.245.1\DEBUG\CWCAMERA.SBR
C:\USERS\ALEX\DOWNLOADS\CARWORLD-0.245.1\DEBUG\CWVEHICLE.OBJ
C:\USERS\ALEX\DOWNLOADS\CARWORLD-0.245.1\DEBUG\CWVEHICLE.SBR
C:\USERS\ALEX\DOWNLOADS\CARWORLD-0.245.1\DEBUG\DXJOYSTICK.OBJ
C:\USERS\ALEX\DOWNLOADS\CARWORLD-0.245.1\DEBUG\DXJOYSTICK.SBR
C:\USERS\ALEX\DOWNLOADS\CARWORLD-0.245.1\DEBUG\H_GEOMETRY.OBJ
C:\USERS\ALEX\DOWNLOADS\CARWORLD-0.245.1\DEBUG\H_GEOMETRY.SBR
C:\USERS\ALEX\DOWNLOADS\CARWORLD-0.245.1\DEBUG\H_GRAPHICS.OBJ
C:\USERS\ALEX\DOWNLOADS\CARWORLD-0.245.1\DEBUG\H_GRAPHICS.SBR
C:\USERS\ALEX\DOWNLOADS\CARWORLD-0.245.1\DEBUG\H_INPUT.OBJ
C:\USERS\ALEX\DOWNLOADS\CARWORLD-0.245.1\DEBUG\H_INPUT.SBR
C:\USERS\ALEX\DOWNLOADS\CARWORLD-0.245.1\DEBUG\H_KEYS.OBJ
C:\USERS\ALEX\DOWNLOADS\CARWORLD-0.245.1\DEBUG\H_KEYS.SBR
C:\USERS\ALEX\DOWNLOADS\CARWORLD-0.245.1\DEBUG\H_OBJECT.OBJ
C:\USERS\ALEX\DOWNLOADS\CARWORLD-0.245.1\DEBUG\H_OBJECT.SBR
C:\USERS\ALEX\DOWNLOADS\CARWORLD-0.245.1\DEBUG\H_POSIXSOCKET.OBJ
C:\USERS\ALEX\DOWNLOADS\CARWORLD-0.245.1\DEBUG\H_POSIXSOCKET.SBR
C:\USERS\ALEX\DOWNLOADS\CARWORLD-0.245.1\DEBUG\H_PROMPT.OBJ
C:\USERS\ALEX\DOWNLOADS\CARWORLD-0.245.1\DEBUG\H_PROMPT.SBR
C:\USERS\ALEX\DOWNLOADS\CARWORLD-0.245.1\DEBUG\H_STANDARD.OBJ
C:\USERS\ALEX\DOWNLOADS\CARWORLD-0.245.1\DEBUG\H_STANDARD.SBR
C:\USERS\ALEX\DOWNLOADS\CARWORLD-0.245.1\DEBUG\H_TEXTURE.OBJ
C:\USERS\ALEX\DOWNLOADS\CARWORLD-0.245.1\DEBUG\H_TEXTURE.SBR
C:\USERS\ALEX\DOWNLOADS\CARWORLD-0.245.1\DEBUG\H_VARIABLE.OBJ
C:\USERS\ALEX\DOWNLOADS\CARWORLD-0.245.1\DEBUG\H_VARIABLE.SBR
C:\USERS\ALEX\DOWNLOADS\CARWORLD-0.245.1\DEBUG\H_WINSOCKET.OBJ
C:\USERS\ALEX\DOWNLOADS\CARWORLD-0.245.1\DEBUG\H_WINSOCKET.SBR
C:\USERS\ALEX\DOWNLOADS\CARWORLD-0.245.1\DEBUG\H_XML.OBJ
C:\USERS\ALEX\DOWNLOADS\CARWORLD-0.245.1\DEBUG\H_XML.SBR
C:\Users\Alex\Downloads\carworld-0.245.1\Debug\link.command.1.tlog
C:\Users\Alex\Downloads\carworld-0.245.1\Debug\link.read.1.tlog
C:\Users\Alex\Downloads\carworld-0.245.1\Debug\link.write.1.tlog
C:\Users\Alex\Downloads\carworld-0.245.1\Debug\mt.command.1.tlog
C:\Users\Alex\Downloads\carworld-0.245.1\Debug\mt.read.1.tlog
C:\Users\Alex\Downloads\carworld-0.245.1\Debug\mt.write.1.tlog
C:\USERS\ALEX\DOWNLOADS\CARWORLD-0.245.1\DEBUG\SDLJOYSTICK.OBJ
C:\USERS\ALEX\DOWNLOADS\CARWORLD-0.245.1\DEBUG\SDLJOYSTICK.SBR
C:\USERS\ALEX\DOWNLOADS\CARWORLD-0.245.1\DEBUG\SDLMAIN.OBJ
C:\USERS\ALEX\DOWNLOADS\CARWORLD-0.245.1\DEBUG\SDLMAIN.SBR
C:\USERS\ALEX\DOWNLOADS\CARWORLD-0.245.1\DEBUG\TACHO.OBJ
C:\USERS\ALEX\DOWNLOADS\CARWORLD-0.245.1\DEBUG\TACHO.SBR
C:\Users\Alex\Downloads\carworld-0.245.1\Debug\vc90.idb
C:\USERS\ALEX\DOWNLOADS\CARWORLD-0.245.1\DEBUG\VC90.PDB
C:\USERS\ALEX\DOWNLOADS\CARWORLD-0.245.1\DEBUG\WORLDBLOCK.OBJ
C:\USERS\ALEX\DOWNLOADS\CARWORLD-0.245.1\DEBUG\WORLDBLOCK.SBR
C:\Users\Alex\Downloads\carworld-0.245.1\msdev\../Debug\carworld.exe
C:\Users\Alex\Downloads\carworld-0.245.1\msdev\../Debug\carworld.exe.intermediate.manifest
